<?xml version="1.0" encoding="UTF-8"?>
<!-- Generated by org.testng.reporters.JUnitReportReporter -->
<testsuite hostname="QT-UK-LT1395" failures="0" tests="1" name="com.herokuapp.theinternetLoginTest.testJava" time="5.039" errors="0" timestamp="2022-04-25T15:18:09 BST" skipped="0">
  <testcase classname="com.herokuapp.theinternetLoginTest.testJava" name="UnitStudentsTest" time="5.039"/>
  <system-out/>
</testsuite> <!-- com.herokuapp.theinternetLoginTest.testJava -->
