<?xml version="1.0" encoding="UTF-8"?>
<!-- Generated by org.testng.reporters.JUnitReportReporter -->
<testsuite hostname="QT-UK-LT1395" failures="0" tests="1" name="com.herokuapp.theinternetLoginTest.NegativeLoginTest" time="13.616" errors="0" timestamp="2022-04-20T16:31:53 BST" skipped="0">
  <testcase classname="com.herokuapp.theinternetLoginTest.NegativeLoginTest" name="login_error_test" time="13.616"/>
  <system-out/>
</testsuite> <!-- com.herokuapp.theinternetLoginTest.NegativeLoginTest -->
