<?xml version="1.0" encoding="UTF-8"?>
<!-- Generated by org.testng.reporters.JUnitReportReporter -->
<testsuite hostname="QT-UK-LT1395" failures="0" tests="2" name="com.herokuapp.theinternetLoginTest.Test_Pages_Dropdown" time="13.690" errors="0" timestamp="2022-04-20T16:50:15 BST" skipped="0">
  <testcase classname="com.herokuapp.theinternetLoginTest.Test_Pages_Dropdown" name="dropdown" time="7.052"/>
  <system-out/>
  <testcase classname="com.herokuapp.theinternetLoginTest.Test_Pages_Dropdown" name="dropdown" time="6.638"/>
  <system-out/>
</testsuite> <!-- com.herokuapp.theinternetLoginTest.Test_Pages_Dropdown -->
