<?xml version="1.0" encoding="UTF-8"?>
<!-- Generated by org.testng.reporters.JUnitReportReporter -->
<testsuite hostname="QT-UK-LT1395" failures="0" tests="1" name="com.herokuapp.theinternetLoginTest.Test_Page_Slide" time="9.405" errors="0" timestamp="2022-04-20T16:37:55 BST" skipped="0">
  <testcase classname="com.herokuapp.theinternetLoginTest.Test_Page_Slide" name="Hover" time="9.405"/>
  <system-out/>
</testsuite> <!-- com.herokuapp.theinternetLoginTest.Test_Page_Slide -->
