<?xml version="1.0" encoding="UTF-8"?>
<!-- Generated by org.testng.reporters.JUnitReportReporter -->
<testsuite hostname="QT-UK-LT1395" failures="0" tests="1" name="com.herokuapp.theinternetLoginTest.Test_Pages_DragDrop" time="11.295" errors="0" timestamp="2022-11-04T11:53:08 CET" skipped="0">
  <testcase classname="com.herokuapp.theinternetLoginTest.Test_Pages_DragDrop" name="Drag_and_drop" time="11.295"/>
  <system-out/>
</testsuite> <!-- com.herokuapp.theinternetLoginTest.Test_Pages_DragDrop -->
