<?xml version="1.0" encoding="UTF-8"?>
<!-- Generated by org.testng.reporters.JUnitReportReporter -->
<testsuite hostname="QT-UK-LT1395" failures="0" tests="1" name="com.herokuapp.theinternetLoginTest.Test_Pages_File" time="9.582" errors="0" timestamp="2022-06-28T16:11:08 BST" skipped="0">
  <testcase classname="com.herokuapp.theinternetLoginTest.Test_Pages_File" name="UploadFileTest" time="9.582"/>
  <system-out/>
</testsuite> <!-- com.herokuapp.theinternetLoginTest.Test_Pages_File -->
